#
# A fatal error has been detected by the Java Runtime Environment:
#
#  EXCEPTION_ACCESS_VIOLATION (0xc0000005) at pc=0x00007fff8860cb62, pid=2040, tid=7220
#
# JRE version: OpenJDK Runtime Environment (15.0.2+7) (build 15.0.2+7-27)
# Java VM: OpenJDK 64-Bit Server VM (15.0.2+7-27, mixed mode, sharing, tiered, compressed oops, g1 gc, windows-amd64)
# Problematic frame:
# C  [glfw.dll+0xcb62]
#
# No core dump will be written. Minidumps are not enabled by default on client versions of Windows
#
# If you would like to submit a bug report, please visit:
#   https://bugreport.java.com/bugreport/crash.jsp
# The crash happened outside the Java Virtual Machine in native code.
# See problematic frame for where to report the bug.
#

---------------  S U M M A R Y ------------

Command Line: -javaagent:C:\Program Files\JetBrains\IntelliJ IDEA Community Edition 2020.3.2\lib\idea_rt.jar=55993:C:\Program Files\JetBrains\IntelliJ IDEA Community Edition 2020.3.2\bin -Dfile.encoding=UTF-8 Start

Host: Intel(R) Core(TM) i7-7500U CPU @ 2.70GHz, 4 cores, 15G,  Windows 10 , 64 bit Build 18362 (10.0.18362.1316)
Time: Mon Feb  1 09:18:51 2021 Mitteleuropäische Zeit elapsed time: 0.440220 seconds (0d 0h 0m 0s)

---------------  T H R E A D  ---------------

Current thread (0x000001f8b0a10c20):  JavaThread "CNY: Client" [_thread_in_native, id=7220, stack(0x00000098cf000000,0x00000098cf100000)]

Stack: [0x00000098cf000000,0x00000098cf100000],  sp=0x00000098cf0feb60,  free space=1018k
Native frames: (J=compiled Java code, j=interpreted, Vv=VM code, C=native code)
C  [glfw.dll+0xcb62]

Java frames: (J=compiled Java code, j=interpreted, Vv=VM code)
j  org.lwjgl.system.JNI.invokePPV(JIJJ)V+0
j  org.lwjgl.glfw.GLFW.nglfwSetWindowIcon(JIJ)V+32
j  org.lwjgl.glfw.GLFW.glfwSetWindowIcon(JLorg/lwjgl/glfw/GLFWImage$Buffer;)V+9
j  net.cny.Main.CreateWindowIcon()V+39
j  net.cny.Main.CreateWindow()V+170
j  net.cny.Main.Initialize()V+1
j  net.cny.Main.run()V+6
j  java.lang.Thread.run()V+11 java.base@15.0.2
v  ~StubRoutines::call_stub

siginfo: EXCEPTION_ACCESS_VIOLATION (0xc0000005), reading address 0x000001f8b0eab002


Register to memory mapping:

RIP=0x00007fff8860cb62 glfw.dll
RAX=0x000001f8b0eab001 is an unknown value
RBX=0xffffffffad011492 is an unknown value
RCX=0x000000000001a58c is an unknown value
RDX=0x000001f8bb8c7b70 points into unknown readable memory: 0x0000000000000000 | 00 00 00 00 00 00 00 00
RSP=0x00000098cf0feb60 is pointing into the stack for thread: 0x000001f8b0a10c20
RBP=0x00000098cf0fec39 is pointing into the stack for thread: 0x000001f8b0a10c20
RSI=0x000000002b0503d3 is an unknown value
RDI=0x000001f8b0a66d30 points into unknown readable memory: 0x0000018700000114 | 14 01 00 00 87 01 00 00
R8 =0x0000000000019edc is an unknown value
R9 =0x0000000000000187 is an unknown value
R10=0x0 is NULL
R11=0x0000000000000246 is an unknown value
R12=0x0 is NULL
R13=0x000001f8b0e43490 points into unknown readable memory: 0x0000000000000000 | 00 00 00 00 00 00 00 00
R14=0xfffffffff80513b7 is an unknown value
R15=0x0000000000000001 is an unknown value


Registers:
RAX=0x000001f8b0eab001, RBX=0xffffffffad011492, RCX=0x000000000001a58c, RDX=0x000001f8bb8c7b70
RSP=0x00000098cf0feb60, RBP=0x00000098cf0fec39, RSI=0x000000002b0503d3, RDI=0x000001f8b0a66d30
R8 =0x0000000000019edc, R9 =0x0000000000000187, R10=0x0000000000000000, R11=0x0000000000000246
R12=0x0000000000000000, R13=0x000001f8b0e43490, R14=0xfffffffff80513b7, R15=0x0000000000000001
RIP=0x00007fff8860cb62, EFLAGS=0x0000000000010287

Top of Stack: (sp=0x00000098cf0feb60)
0x00000098cf0feb60:   ffffffffad011492 00000098cf0fec39
0x00000098cf0feb70:   0000000000000000 00000098cf0fee00
0x00000098cf0feb80:   0000000000000000 0000009800000000
0x00000098cf0feb90:   000001f8bb8c7b70 00007fff00000000
0x00000098cf0feba0:   0000000000000001 000001f8b0a983e0
0x00000098cf0febb0:   0000000000000001 0000000000000000
0x00000098cf0febc0:   000001140000007c 00200001fffffe79
0x00000098cf0febd0:   0000000000000003 0000000000000000
0x00000098cf0febe0:   0000000000000000 0000ff0000ff0000
0x00000098cf0febf0:   ff000000000000ff 0000000000000000
0x00000098cf0fec00:   0000000000000000 0000000000000000
0x00000098cf0fec10:   0000000000000000 0000000000000000
0x00000098cf0fec20:   0000000000000000 0000000000000000
0x00000098cf0fec30:   0000000000000000 000001f800000000
0x00000098cf0fec40:   0000c159557bc2df 000001f8b01300e0
0x00000098cf0fec50:   00000098cf0fed70 000001f8b0a10c20 

Instructions: (pc=0x00007fff8860cb62)
0x00007fff8860ca62:   04 33 c9 0f 11 45 a7 f7 d8 48 89 74 24 30 0f 11
0x00007fff8860ca72:   45 b7 89 45 8f 0f 11 45 97 c7 45 87 7c 00 00 00
0x00007fff8860ca82:   0f 11 45 c7 c7 45 93 01 00 20 00 0f 11 45 d7 c7
0x00007fff8860ca92:   45 97 03 00 00 00 0f 11 45 e7 c7 45 af 00 00 ff
0x00007fff8860caa2:   00 c7 45 b3 00 ff 00 00 c7 45 b7 ff 00 00 00 c7
0x00007fff8860cab2:   45 bb 00 00 00 ff ff 15 62 ca 01 00 89 74 24 28
0x00007fff8860cac2:   4c 8d 4c 24 30 48 8b c8 48 89 74 24 20 45 33 c0
0x00007fff8860cad2:   48 8d 55 87 48 8b d8 ff 15 59 c5 01 00 48 8b d3
0x00007fff8860cae2:   33 c9 4c 8b f0 ff 15 2b ca 01 00 4d 85 f6 75 18
0x00007fff8860caf2:   48 8d 15 47 a4 03 00 b9 08 00 01 00 e8 2d aa ff
0x00007fff8860cb02:   ff 33 c0 e9 0b 01 00 00 8b 57 04 41 b9 01 00 00
0x00007fff8860cb12:   00 8b 0f 45 8b c1 48 89 74 24 20 ff 15 fd c4 01
0x00007fff8860cb22:   00 48 8b f0 48 85 c0 75 21 48 8d 15 36 a4 03 00
0x00007fff8860cb32:   b9 08 00 01 00 e8 f4 a9 ff ff 49 8b ce ff 15 eb
0x00007fff8860cb42:   c4 01 00 33 c0 e9 c9 00 00 00 8b 07 45 33 c0 0f
0x00007fff8860cb52:   af 47 04 85 c0 7e 53 48 8b 54 24 30 49 8d 45 01
0x00007fff8860cb62:   0f b6 48 01 48 8d 40 04 88 0a 41 ff c0 0f b6 50
0x00007fff8860cb72:   fc 48 8b 4c 24 30 88 51 01 0f b6 50 fb 48 8b 4c
0x00007fff8860cb82:   24 30 88 51 02 0f b6 50 fe 48 8b 4c 24 30 88 51
0x00007fff8860cb92:   03 48 8b 54 24 30 8b 0f 48 83 c2 04 0f af 4f 04
0x00007fff8860cba2:   48 89 54 24 30 44 3b c1 7c b6 8b 44 24 38 48 8d
0x00007fff8860cbb2:   4c 24 40 89 44 24 48 c7 44 24 4c 00 00 00 00 44
0x00007fff8860cbc2:   89 7c 24 40 44 89 64 24 44 48 89 74 24 50 4c 89
0x00007fff8860cbd2:   74 24 58 ff 15 6d c7 01 00 49 8b ce 48 8b d8 ff
0x00007fff8860cbe2:   15 49 c4 01 00 48 8b ce ff 15 40 c4 01 00 48 85
0x00007fff8860cbf2:   db 75 1d 48 8d 15 94 a3 03 00 b9 08 00 01 00 45
0x00007fff8860cc02:   85 ff 75 07 48 8d 15 a3 a3 03 00 e8 1e a9 ff ff
0x00007fff8860cc12:   48 8b c3 48 8b 4d 07 48 33 cc e8 6f 4b 00 00 48
0x00007fff8860cc22:   81 c4 f8 00 00 00 41 5f 41 5e 41 5d 41 5c 5f 5e
0x00007fff8860cc32:   5b 5d c3 cc cc cc cc cc cc cc cc cc cc cc 40 55
0x00007fff8860cc42:   53 56 57 41 55 41 56 48 8d 6c 24 d1 48 81 ec d8
0x00007fff8860cc52:   00 00 00 48 8b 05 cc a4 04 00 48 33 c4 48 89 45 


Stack slot to memory mapping:
stack at sp + 0 slots: 0xffffffffad011492 is an unknown value
stack at sp + 1 slots: 0x00000098cf0fec39 is pointing into the stack for thread: 0x000001f8b0a10c20
stack at sp + 2 slots: 0x0 is NULL
stack at sp + 3 slots: 0x00000098cf0fee00 is pointing into the stack for thread: 0x000001f8b0a10c20
stack at sp + 4 slots: 0x0 is NULL
stack at sp + 5 slots: 0x0000009800000000 is an unknown value
stack at sp + 6 slots: 0x000001f8bb8c7b70 points into unknown readable memory: 0x0000000000000000 | 00 00 00 00 00 00 00 00
stack at sp + 7 slots: 0x00007fff00000000 is an unknown value


---------------  P R O C E S S  ---------------

Threads class SMR info:
_java_thread_list=0x000001f8b09a64e0, length=13, elements={
0x000001f8afc5d4e0, 0x000001f8afc5e760, 0x000001f8afc6e8e0, 0x000001f8b05a64a0,
0x000001f8b05a6d60, 0x000001f8b05a8a60, 0x000001f8b060f760, 0x000001f8b062ac60,
0x000001f8afc410c0, 0x000001f8b0819480, 0x000001f8b081b960, 0x000001f8b0a10c20,
0x000001f88ce43ac0
}

Java Threads: ( => current thread )
  0x000001f8afc5d4e0 JavaThread "Reference Handler" daemon [_thread_blocked, id=16460, stack(0x00000098ce400000,0x00000098ce500000)]
  0x000001f8afc5e760 JavaThread "Finalizer" daemon [_thread_blocked, id=17160, stack(0x00000098ce500000,0x00000098ce600000)]
  0x000001f8afc6e8e0 JavaThread "Signal Dispatcher" daemon [_thread_blocked, id=8144, stack(0x00000098ce600000,0x00000098ce700000)]
  0x000001f8b05a64a0 JavaThread "Attach Listener" daemon [_thread_blocked, id=5600, stack(0x00000098ce700000,0x00000098ce800000)]
  0x000001f8b05a6d60 JavaThread "Service Thread" daemon [_thread_blocked, id=14684, stack(0x00000098ce800000,0x00000098ce900000)]
  0x000001f8b05a8a60 JavaThread "C2 CompilerThread0" daemon [_thread_blocked, id=10112, stack(0x00000098ce900000,0x00000098cea00000)]
  0x000001f8b060f760 JavaThread "C1 CompilerThread0" daemon [_thread_blocked, id=14924, stack(0x00000098cea00000,0x00000098ceb00000)]
  0x000001f8b062ac60 JavaThread "Sweeper thread" daemon [_thread_blocked, id=5608, stack(0x00000098ceb00000,0x00000098cec00000)]
  0x000001f8afc410c0 JavaThread "Common-Cleaner" daemon [_thread_blocked, id=6688, stack(0x00000098cec00000,0x00000098ced00000)]
  0x000001f8b0819480 JavaThread "Monitor Ctrl-Break" daemon [_thread_in_native, id=7828, stack(0x00000098ced00000,0x00000098cee00000)]
  0x000001f8b081b960 JavaThread "Notification Thread" daemon [_thread_blocked, id=5356, stack(0x00000098cee00000,0x00000098cef00000)]
=>0x000001f8b0a10c20 JavaThread "CNY: Client" [_thread_in_native, id=7220, stack(0x00000098cf000000,0x00000098cf100000)]
  0x000001f88ce43ac0 JavaThread "DestroyJavaVM" [_thread_blocked, id=12604, stack(0x00000098cdd00000,0x00000098cde00000)]

Other Threads:
  0x000001f8afc58590 VMThread "VM Thread" [stack: 0x00000098ce300000,0x00000098ce400000] [id=8980]
  0x000001f88ce44bf0 WatcherThread [stack: 0x00000098cef00000,0x00000098cf000000] [id=8820]
  0x000001f88ce93480 GCTaskThread "GC Thread#0" [stack: 0x00000098cde00000,0x00000098cdf00000] [id=9304]
  0x000001f88cea52f0 ConcurrentGCThread "G1 Main Marker" [stack: 0x00000098cdf00000,0x00000098ce000000] [id=2976]
  0x000001f88cea6590 ConcurrentGCThread "G1 Conc#0" [stack: 0x00000098ce000000,0x00000098ce100000] [id=3180]
  0x000001f8afad24c0 ConcurrentGCThread "G1 Refine#0" [stack: 0x00000098ce100000,0x00000098ce200000] [id=17332]
  0x000001f8afad2fd0 ConcurrentGCThread "G1 Young RemSet Sampling" [stack: 0x00000098ce200000,0x00000098ce300000] [id=16748]

Threads with active compile tasks:

VM state: not at safepoint (normal execution)

VM Mutex/Monitor currently owned by a thread: None

Heap address: 0x0000000702000000, size: 4064 MB, Compressed Oops mode: Zero based, Oop shift amount: 3
CDS archive(s) mapped at: [0x0000000800000000-0x0000000800b50000-0x0000000800b50000), size 11862016, SharedBaseAddress: 0x0000000800000000, ArchiveRelocationMode: 0.
Compressed class space mapped at: 0x0000000800b50000-0x0000000840b50000, size: 1073741824
Narrow klass base: 0x0000000800000000, Narrow klass shift: 3, Narrow klass range: 0x100000000

GC Precious Log:
 CPUs: 4 total, 4 available
 Memory: 16252M
 Large Page Support: Disabled
 NUMA Support: Disabled
 Compressed Oops: Enabled (Zero based)
 Heap Region Size: 2M
 Heap Min Capacity: 8M
 Heap Initial Capacity: 254M
 Heap Max Capacity: 4064M
 Pre-touch: Disabled
 Parallel Workers: 4
 Concurrent Workers: 1
 Concurrent Refinement Workers: 4
 Periodic GC: Disabled

Heap:
 garbage-first heap   total 260096K, used 6144K [0x0000000702000000, 0x0000000800000000)
  region size 2048K, 4 young (8192K), 0 survivors (0K)
 Metaspace       used 2872K, capacity 5588K, committed 5632K, reserved 1056768K
  class space    used 235K, capacity 478K, committed 512K, reserved 1048576K

Heap Regions: E=young(eden), S=young(survivor), O=old, HS=humongous(starts), HC=humongous(continues), CS=collection set, F=free, OA=open archive, CA=closed archive, TAMS=top-at-mark-start (previous, next)
|   0|0x0000000702000000, 0x0000000702000000, 0x0000000702200000|  0%| F|  |TAMS 0x0000000702000000, 0x0000000702000000| Untracked 
|   1|0x0000000702200000, 0x0000000702200000, 0x0000000702400000|  0%| F|  |TAMS 0x0000000702200000, 0x0000000702200000| Untracked 
|   2|0x0000000702400000, 0x0000000702400000, 0x0000000702600000|  0%| F|  |TAMS 0x0000000702400000, 0x0000000702400000| Untracked 
|   3|0x0000000702600000, 0x0000000702600000, 0x0000000702800000|  0%| F|  |TAMS 0x0000000702600000, 0x0000000702600000| Untracked 
|   4|0x0000000702800000, 0x0000000702800000, 0x0000000702a00000|  0%| F|  |TAMS 0x0000000702800000, 0x0000000702800000| Untracked 
|   5|0x0000000702a00000, 0x0000000702a00000, 0x0000000702c00000|  0%| F|  |TAMS 0x0000000702a00000, 0x0000000702a00000| Untracked 
|   6|0x0000000702c00000, 0x0000000702c00000, 0x0000000702e00000|  0%| F|  |TAMS 0x0000000702c00000, 0x0000000702c00000| Untracked 
|   7|0x0000000702e00000, 0x0000000702e00000, 0x0000000703000000|  0%| F|  |TAMS 0x0000000702e00000, 0x0000000702e00000| Untracked 
|   8|0x0000000703000000, 0x0000000703000000, 0x0000000703200000|  0%| F|  |TAMS 0x0000000703000000, 0x0000000703000000| Untracked 
|   9|0x0000000703200000, 0x0000000703200000, 0x0000000703400000|  0%| F|  |TAMS 0x0000000703200000, 0x0000000703200000| Untracked 
|  10|0x0000000703400000, 0x0000000703400000, 0x0000000703600000|  0%| F|  |TAMS 0x0000000703400000, 0x0000000703400000| Untracked 
|  11|0x0000000703600000, 0x0000000703600000, 0x0000000703800000|  0%| F|  |TAMS 0x0000000703600000, 0x0000000703600000| Untracked 
|  12|0x0000000703800000, 0x0000000703800000, 0x0000000703a00000|  0%| F|  |TAMS 0x0000000703800000, 0x0000000703800000| Untracked 
|  13|0x0000000703a00000, 0x0000000703a00000, 0x0000000703c00000|  0%| F|  |TAMS 0x0000000703a00000, 0x0000000703a00000| Untracked 
|  14|0x0000000703c00000, 0x0000000703c00000, 0x0000000703e00000|  0%| F|  |TAMS 0x0000000703c00000, 0x0000000703c00000| Untracked 
|  15|0x0000000703e00000, 0x0000000703e00000, 0x0000000704000000|  0%| F|  |TAMS 0x0000000703e00000, 0x0000000703e00000| Untracked 
|  16|0x0000000704000000, 0x0000000704000000, 0x0000000704200000|  0%| F|  |TAMS 0x0000000704000000, 0x0000000704000000| Untracked 
|  17|0x0000000704200000, 0x0000000704200000, 0x0000000704400000|  0%| F|  |TAMS 0x0000000704200000, 0x0000000704200000| Untracked 
|  18|0x0000000704400000, 0x0000000704400000, 0x0000000704600000|  0%| F|  |TAMS 0x0000000704400000, 0x0000000704400000| Untracked 
|  19|0x0000000704600000, 0x0000000704600000, 0x0000000704800000|  0%| F|  |TAMS 0x0000000704600000, 0x0000000704600000| Untracked 
|  20|0x0000000704800000, 0x0000000704800000, 0x0000000704a00000|  0%| F|  |TAMS 0x0000000704800000, 0x0000000704800000| Untracked 
|  21|0x0000000704a00000, 0x0000000704a00000, 0x0000000704c00000|  0%| F|  |TAMS 0x0000000704a00000, 0x0000000704a00000| Untracked 
|  22|0x0000000704c00000, 0x0000000704c00000, 0x0000000704e00000|  0%| F|  |TAMS 0x0000000704c00000, 0x0000000704c00000| Untracked 
|  23|0x0000000704e00000, 0x0000000704e00000, 0x0000000705000000|  0%| F|  |TAMS 0x0000000704e00000, 0x0000000704e00000| Untracked 
|  24|0x0000000705000000, 0x0000000705000000, 0x0000000705200000|  0%| F|  |TAMS 0x0000000705000000, 0x0000000705000000| Untracked 
|  25|0x0000000705200000, 0x0000000705200000, 0x0000000705400000|  0%| F|  |TAMS 0x0000000705200000, 0x0000000705200000| Untracked 
|  26|0x0000000705400000, 0x0000000705400000, 0x0000000705600000|  0%| F|  |TAMS 0x0000000705400000, 0x0000000705400000| Untracked 
|  27|0x0000000705600000, 0x0000000705600000, 0x0000000705800000|  0%| F|  |TAMS 0x0000000705600000, 0x0000000705600000| Untracked 
|  28|0x0000000705800000, 0x0000000705800000, 0x0000000705a00000|  0%| F|  |TAMS 0x0000000705800000, 0x0000000705800000| Untracked 
|  29|0x0000000705a00000, 0x0000000705a00000, 0x0000000705c00000|  0%| F|  |TAMS 0x0000000705a00000, 0x0000000705a00000| Untracked 
|  30|0x0000000705c00000, 0x0000000705c00000, 0x0000000705e00000|  0%| F|  |TAMS 0x0000000705c00000, 0x0000000705c00000| Untracked 
|  31|0x0000000705e00000, 0x0000000705e00000, 0x0000000706000000|  0%| F|  |TAMS 0x0000000705e00000, 0x0000000705e00000| Untracked 
|  32|0x0000000706000000, 0x0000000706000000, 0x0000000706200000|  0%| F|  |TAMS 0x0000000706000000, 0x0000000706000000| Untracked 
|  33|0x0000000706200000, 0x0000000706200000, 0x0000000706400000|  0%| F|  |TAMS 0x0000000706200000, 0x0000000706200000| Untracked 
|  34|0x0000000706400000, 0x0000000706400000, 0x0000000706600000|  0%| F|  |TAMS 0x0000000706400000, 0x0000000706400000| Untracked 
|  35|0x0000000706600000, 0x0000000706600000, 0x0000000706800000|  0%| F|  |TAMS 0x0000000706600000, 0x0000000706600000| Untracked 
|  36|0x0000000706800000, 0x0000000706800000, 0x0000000706a00000|  0%| F|  |TAMS 0x0000000706800000, 0x0000000706800000| Untracked 
|  37|0x0000000706a00000, 0x0000000706a00000, 0x0000000706c00000|  0%| F|  |TAMS 0x0000000706a00000, 0x0000000706a00000| Untracked 
|  38|0x0000000706c00000, 0x0000000706c00000, 0x0000000706e00000|  0%| F|  |TAMS 0x0000000706c00000, 0x0000000706c00000| Untracked 
|  39|0x0000000706e00000, 0x0000000706e00000, 0x0000000707000000|  0%| F|  |TAMS 0x0000000706e00000, 0x0000000706e00000| Untracked 
|  40|0x0000000707000000, 0x0000000707000000, 0x0000000707200000|  0%| F|  |TAMS 0x0000000707000000, 0x0000000707000000| Untracked 
|  41|0x0000000707200000, 0x0000000707200000, 0x0000000707400000|  0%| F|  |TAMS 0x0000000707200000, 0x0000000707200000| Untracked 
|  42|0x0000000707400000, 0x0000000707400000, 0x0000000707600000|  0%| F|  |TAMS 0x0000000707400000, 0x0000000707400000| Untracked 
|  43|0x0000000707600000, 0x0000000707600000, 0x0000000707800000|  0%| F|  |TAMS 0x0000000707600000, 0x0000000707600000| Untracked 
|  44|0x0000000707800000, 0x0000000707800000, 0x0000000707a00000|  0%| F|  |TAMS 0x0000000707800000, 0x0000000707800000| Untracked 
|  45|0x0000000707a00000, 0x0000000707a00000, 0x0000000707c00000|  0%| F|  |TAMS 0x0000000707a00000, 0x0000000707a00000| Untracked 
|  46|0x0000000707c00000, 0x0000000707c00000, 0x0000000707e00000|  0%| F|  |TAMS 0x0000000707c00000, 0x0000000707c00000| Untracked 
|  47|0x0000000707e00000, 0x0000000707e00000, 0x0000000708000000|  0%| F|  |TAMS 0x0000000707e00000, 0x0000000707e00000| Untracked 
|  48|0x0000000708000000, 0x0000000708000000, 0x0000000708200000|  0%| F|  |TAMS 0x0000000708000000, 0x0000000708000000| Untracked 
|  49|0x0000000708200000, 0x0000000708200000, 0x0000000708400000|  0%| F|  |TAMS 0x0000000708200000, 0x0000000708200000| Untracked 
|  50|0x0000000708400000, 0x0000000708400000, 0x0000000708600000|  0%| F|  |TAMS 0x0000000708400000, 0x0000000708400000| Untracked 
|  51|0x0000000708600000, 0x0000000708600000, 0x0000000708800000|  0%| F|  |TAMS 0x0000000708600000, 0x0000000708600000| Untracked 
|  52|0x0000000708800000, 0x0000000708800000, 0x0000000708a00000|  0%| F|  |TAMS 0x0000000708800000, 0x0000000708800000| Untracked 
|  53|0x0000000708a00000, 0x0000000708a00000, 0x0000000708c00000|  0%| F|  |TAMS 0x0000000708a00000, 0x0000000708a00000| Untracked 
|  54|0x0000000708c00000, 0x0000000708c00000, 0x0000000708e00000|  0%| F|  |TAMS 0x0000000708c00000, 0x0000000708c00000| Untracked 
|  55|0x0000000708e00000, 0x0000000708e00000, 0x0000000709000000|  0%| F|  |TAMS 0x0000000708e00000, 0x0000000708e00000| Untracked 
|  56|0x0000000709000000, 0x0000000709000000, 0x0000000709200000|  0%| F|  |TAMS 0x0000000709000000, 0x0000000709000000| Untracked 
|  57|0x0000000709200000, 0x0000000709200000, 0x0000000709400000|  0%| F|  |TAMS 0x0000000709200000, 0x0000000709200000| Untracked 
|  58|0x0000000709400000, 0x0000000709400000, 0x0000000709600000|  0%| F|  |TAMS 0x0000000709400000, 0x0000000709400000| Untracked 
|  59|0x0000000709600000, 0x0000000709600000, 0x0000000709800000|  0%| F|  |TAMS 0x0000000709600000, 0x0000000709600000| Untracked 
|  60|0x0000000709800000, 0x0000000709800000, 0x0000000709a00000|  0%| F|  |TAMS 0x0000000709800000, 0x0000000709800000| Untracked 
|  61|0x0000000709a00000, 0x0000000709a00000, 0x0000000709c00000|  0%| F|  |TAMS 0x0000000709a00000, 0x0000000709a00000| Untracked 
|  62|0x0000000709c00000, 0x0000000709c00000, 0x0000000709e00000|  0%| F|  |TAMS 0x0000000709c00000, 0x0000000709c00000| Untracked 
|  63|0x0000000709e00000, 0x0000000709e00000, 0x000000070a000000|  0%| F|  |TAMS 0x0000000709e00000, 0x0000000709e00000| Untracked 
|  64|0x000000070a000000, 0x000000070a000000, 0x000000070a200000|  0%| F|  |TAMS 0x000000070a000000, 0x000000070a000000| Untracked 
|  65|0x000000070a200000, 0x000000070a200000, 0x000000070a400000|  0%| F|  |TAMS 0x000000070a200000, 0x000000070a200000| Untracked 
|  66|0x000000070a400000, 0x000000070a400000, 0x000000070a600000|  0%| F|  |TAMS 0x000000070a400000, 0x000000070a400000| Untracked 
|  67|0x000000070a600000, 0x000000070a600000, 0x000000070a800000|  0%| F|  |TAMS 0x000000070a600000, 0x000000070a600000| Untracked 
|  68|0x000000070a800000, 0x000000070a800000, 0x000000070aa00000|  0%| F|  |TAMS 0x000000070a800000, 0x000000070a800000| Untracked 
|  69|0x000000070aa00000, 0x000000070aa00000, 0x000000070ac00000|  0%| F|  |TAMS 0x000000070aa00000, 0x000000070aa00000| Untracked 
|  70|0x000000070ac00000, 0x000000070ac00000, 0x000000070ae00000|  0%| F|  |TAMS 0x000000070ac00000, 0x000000070ac00000| Untracked 
|  71|0x000000070ae00000, 0x000000070ae00000, 0x000000070b000000|  0%| F|  |TAMS 0x000000070ae00000, 0x000000070ae00000| Untracked 
|  72|0x000000070b000000, 0x000000070b000000, 0x000000070b200000|  0%| F|  |TAMS 0x000000070b000000, 0x000000070b000000| Untracked 
|  73|0x000000070b200000, 0x000000070b200000, 0x000000070b400000|  0%| F|  |TAMS 0x000000070b200000, 0x000000070b200000| Untracked 
|  74|0x000000070b400000, 0x000000070b400000, 0x000000070b600000|  0%| F|  |TAMS 0x000000070b400000, 0x000000070b400000| Untracked 
|  75|0x000000070b600000, 0x000000070b600000, 0x000000070b800000|  0%| F|  |TAMS 0x000000070b600000, 0x000000070b600000| Untracked 
|  76|0x000000070b800000, 0x000000070b800000, 0x000000070ba00000|  0%| F|  |TAMS 0x000000070b800000, 0x000000070b800000| Untracked 
|  77|0x000000070ba00000, 0x000000070ba00000, 0x000000070bc00000|  0%| F|  |TAMS 0x000000070ba00000, 0x000000070ba00000| Untracked 
|  78|0x000000070bc00000, 0x000000070bc00000, 0x000000070be00000|  0%| F|  |TAMS 0x000000070bc00000, 0x000000070bc00000| Untracked 
|  79|0x000000070be00000, 0x000000070be00000, 0x000000070c000000|  0%| F|  |TAMS 0x000000070be00000, 0x000000070be00000| Untracked 
|  80|0x000000070c000000, 0x000000070c000000, 0x000000070c200000|  0%| F|  |TAMS 0x000000070c000000, 0x000000070c000000| Untracked 
|  81|0x000000070c200000, 0x000000070c200000, 0x000000070c400000|  0%| F|  |TAMS 0x000000070c200000, 0x000000070c200000| Untracked 
|  82|0x000000070c400000, 0x000000070c400000, 0x000000070c600000|  0%| F|  |TAMS 0x000000070c400000, 0x000000070c400000| Untracked 
|  83|0x000000070c600000, 0x000000070c600000, 0x000000070c800000|  0%| F|  |TAMS 0x000000070c600000, 0x000000070c600000| Untracked 
|  84|0x000000070c800000, 0x000000070c800000, 0x000000070ca00000|  0%| F|  |TAMS 0x000000070c800000, 0x000000070c800000| Untracked 
|  85|0x000000070ca00000, 0x000000070ca00000, 0x000000070cc00000|  0%| F|  |TAMS 0x000000070ca00000, 0x000000070ca00000| Untracked 
|  86|0x000000070cc00000, 0x000000070cc00000, 0x000000070ce00000|  0%| F|  |TAMS 0x000000070cc00000, 0x000000070cc00000| Untracked 
|  87|0x000000070ce00000, 0x000000070ce00000, 0x000000070d000000|  0%| F|  |TAMS 0x000000070ce00000, 0x000000070ce00000| Untracked 
|  88|0x000000070d000000, 0x000000070d000000, 0x000000070d200000|  0%| F|  |TAMS 0x000000070d000000, 0x000000070d000000| Untracked 
|  89|0x000000070d200000, 0x000000070d200000, 0x000000070d400000|  0%| F|  |TAMS 0x000000070d200000, 0x000000070d200000| Untracked 
|  90|0x000000070d400000, 0x000000070d400000, 0x000000070d600000|  0%| F|  |TAMS 0x000000070d400000, 0x000000070d400000| Untracked 
|  91|0x000000070d600000, 0x000000070d600000, 0x000000070d800000|  0%| F|  |TAMS 0x000000070d600000, 0x000000070d600000| Untracked 
|  92|0x000000070d800000, 0x000000070d800000, 0x000000070da00000|  0%| F|  |TAMS 0x000000070d800000, 0x000000070d800000| Untracked 
|  93|0x000000070da00000, 0x000000070da00000, 0x000000070dc00000|  0%| F|  |TAMS 0x000000070da00000, 0x000000070da00000| Untracked 
|  94|0x000000070dc00000, 0x000000070dc00000, 0x000000070de00000|  0%| F|  |TAMS 0x000000070dc00000, 0x000000070dc00000| Untracked 
|  95|0x000000070de00000, 0x000000070de00000, 0x000000070e000000|  0%| F|  |TAMS 0x000000070de00000, 0x000000070de00000| Untracked 
|  96|0x000000070e000000, 0x000000070e000000, 0x000000070e200000|  0%| F|  |TAMS 0x000000070e000000, 0x000000070e000000| Untracked 
|  97|0x000000070e200000, 0x000000070e200000, 0x000000070e400000|  0%| F|  |TAMS 0x000000070e200000, 0x000000070e200000| Untracked 
|  98|0x000000070e400000, 0x000000070e400000, 0x000000070e600000|  0%| F|  |TAMS 0x000000070e400000, 0x000000070e400000| Untracked 
|  99|0x000000070e600000, 0x000000070e600000, 0x000000070e800000|  0%| F|  |TAMS 0x000000070e600000, 0x000000070e600000| Untracked 
| 100|0x000000070e800000, 0x000000070e800000, 0x000000070ea00000|  0%| F|  |TAMS 0x000000070e800000, 0x000000070e800000| Untracked 
| 101|0x000000070ea00000, 0x000000070ea00000, 0x000000070ec00000|  0%| F|  |TAMS 0x000000070ea00000, 0x000000070ea00000| Untracked 
| 102|0x000000070ec00000, 0x000000070ec00000, 0x000000070ee00000|  0%| F|  |TAMS 0x000000070ec00000, 0x000000070ec00000| Untracked 
| 103|0x000000070ee00000, 0x000000070ee00000, 0x000000070f000000|  0%| F|  |TAMS 0x000000070ee00000, 0x000000070ee00000| Untracked 
| 104|0x000000070f000000, 0x000000070f000000, 0x000000070f200000|  0%| F|  |TAMS 0x000000070f000000, 0x000000070f000000| Untracked 
| 105|0x000000070f200000, 0x000000070f200000, 0x000000070f400000|  0%| F|  |TAMS 0x000000070f200000, 0x000000070f200000| Untracked 
| 106|0x000000070f400000, 0x000000070f400000, 0x000000070f600000|  0%| F|  |TAMS 0x000000070f400000, 0x000000070f400000| Untracked 
| 107|0x000000070f600000, 0x000000070f600000, 0x000000070f800000|  0%| F|  |TAMS 0x000000070f600000, 0x000000070f600000| Untracked 
| 108|0x000000070f800000, 0x000000070f800000, 0x000000070fa00000|  0%| F|  |TAMS 0x000000070f800000, 0x000000070f800000| Untracked 
| 109|0x000000070fa00000, 0x000000070fa00000, 0x000000070fc00000|  0%| F|  |TAMS 0x000000070fa00000, 0x000000070fa00000| Untracked 
| 110|0x000000070fc00000, 0x000000070fc00000, 0x000000070fe00000|  0%| F|  |TAMS 0x000000070fc00000, 0x000000070fc00000| Untracked 
| 111|0x000000070fe00000, 0x000000070fe00000, 0x0000000710000000|  0%| F|  |TAMS 0x000000070fe00000, 0x000000070fe00000| Untracked 
| 112|0x0000000710000000, 0x0000000710000000, 0x0000000710200000|  0%| F|  |TAMS 0x0000000710000000, 0x0000000710000000| Untracked 
| 113|0x0000000710200000, 0x0000000710200000, 0x0000000710400000|  0%| F|  |TAMS 0x0000000710200000, 0x0000000710200000| Untracked 
| 114|0x0000000710400000, 0x0000000710400000, 0x0000000710600000|  0%| F|  |TAMS 0x0000000710400000, 0x0000000710400000| Untracked 
| 115|0x0000000710600000, 0x0000000710600000, 0x0000000710800000|  0%| F|  |TAMS 0x0000000710600000, 0x0000000710600000| Untracked 
| 116|0x0000000710800000, 0x0000000710800000, 0x0000000710a00000|  0%| F|  |TAMS 0x0000000710800000, 0x0000000710800000| Untracked 
| 117|0x0000000710a00000, 0x0000000710a00000, 0x0000000710c00000|  0%| F|  |TAMS 0x0000000710a00000, 0x0000000710a00000| Untracked 
| 118|0x0000000710c00000, 0x0000000710c00000, 0x0000000710e00000|  0%| F|  |TAMS 0x0000000710c00000, 0x0000000710c00000| Untracked 
| 119|0x0000000710e00000, 0x0000000710e00000, 0x0000000711000000|  0%| F|  |TAMS 0x0000000710e00000, 0x0000000710e00000| Untracked 
| 120|0x0000000711000000, 0x0000000711000000, 0x0000000711200000|  0%| F|  |TAMS 0x0000000711000000, 0x0000000711000000| Untracked 
| 121|0x0000000711200000, 0x0000000711200000, 0x0000000711400000|  0%| F|  |TAMS 0x0000000711200000, 0x0000000711200000| Untracked 
| 122|0x0000000711400000, 0x0000000711400000, 0x0000000711600000|  0%| F|  |TAMS 0x0000000711400000, 0x0000000711400000| Untracked 
| 123|0x0000000711600000, 0x000000071167fbf0, 0x0000000711800000| 24%| E|  |TAMS 0x0000000711600000, 0x0000000711600000| Complete 
| 124|0x0000000711800000, 0x0000000711a00000, 0x0000000711a00000|100%| E|CS|TAMS 0x0000000711800000, 0x0000000711800000| Complete 
| 125|0x0000000711a00000, 0x0000000711c00000, 0x0000000711c00000|100%| E|CS|TAMS 0x0000000711a00000, 0x0000000711a00000| Complete 
| 126|0x0000000711c00000, 0x0000000711e00000, 0x0000000711e00000|100%| E|CS|TAMS 0x0000000711c00000, 0x0000000711c00000| Complete 

Card table byte_map: [0x000001f8a4860000,0x000001f8a5050000] _byte_map_base: 0x000001f8a1050000

Marking Bits (Prev, Next): (CMBitMap*) 0x000001f88ce94b90, (CMBitMap*) 0x000001f88ce94bd0
 Prev Bits: [0x000001f8a5840000, 0x000001f8a97c0000)
 Next Bits: [0x000001f8a97c0000, 0x000001f8ad740000)

Polling page: 0x000001f88ac60000

Metaspace:

Usage:
  Non-class:      4.99 MB capacity,     2.58 MB ( 52%) used,     2.41 MB ( 48%) free+waste,     3.44 KB ( <1%) overhead. 
      Class:    478.00 KB capacity,   235.34 KB ( 49%) used,   240.98 KB ( 50%) free+waste,     1.69 KB ( <1%) overhead. 
       Both:      5.46 MB capacity,     2.81 MB ( 51%) used,     2.65 MB ( 48%) free+waste,     5.13 KB ( <1%) overhead. 

Virtual space:
  Non-class space:        8.00 MB reserved,       5.00 MB ( 63%) committed 
      Class space:        1.00 GB reserved,     512.00 KB ( <1%) committed 
             Both:        1.01 GB reserved,       5.50 MB ( <1%) committed 

Chunk freelists:
   Non-Class:  10.00 KB
       Class:  2.00 KB
        Both:  12.00 KB

MaxMetaspaceSize: 17179869184.00 GB
CompressedClassSpaceSize: 1.00 GB

CodeHeap 'non-profiled nmethods': size=120000Kb used=157Kb max_used=157Kb free=119842Kb
 bounds [0x000001f89cb40000, 0x000001f89cdb0000, 0x000001f8a4070000]
CodeHeap 'profiled nmethods': size=120000Kb used=799Kb max_used=799Kb free=119200Kb
 bounds [0x000001f895610000, 0x000001f895880000, 0x000001f89cb40000]
CodeHeap 'non-nmethods': size=5760Kb used=1515Kb max_used=1530Kb free=4244Kb
 bounds [0x000001f895070000, 0x000001f8952e0000, 0x000001f895610000]
 total_blobs=1423 nmethods=544 adapters=792
 compilation: enabled
              stopped_count=0, restarted_count=0
 full_count=0

Compilation events (20 events):
Event: 0.413 Thread 0x000001f8b060f760  535       3       jdk.internal.ref.CleanerFactory::cleaner (4 bytes)
Event: 0.413 Thread 0x000001f8b060f760 nmethod 535 0x000001f8956d3d10 code [0x000001f8956d3ea0, 0x000001f8956d3f98]
Event: 0.414 Thread 0x000001f8b060f760  536       1       java.lang.Integer::intValue (5 bytes)
Event: 0.414 Thread 0x000001f8b060f760 nmethod 536 0x000001f89cb67090 code [0x000001f89cb67220, 0x000001f89cb672d8]
Event: 0.414 Thread 0x000001f8b060f760  537       3       java.util.Optional::empty (6 bytes)
Event: 0.414 Thread 0x000001f8b060f760 nmethod 537 0x000001f8956d4010 code [0x000001f8956d41a0, 0x000001f8956d4298]
Event: 0.414 Thread 0x000001f8b060f760  540       3       jdk.internal.module.SystemModuleFinders$SystemModuleReader::findImageLocation (42 bytes)
Event: 0.415 Thread 0x000001f8b060f760 nmethod 540 0x000001f8956d4310 code [0x000001f8956d4520, 0x000001f8956d4bf8]
Event: 0.415 Thread 0x000001f8b060f760  543       3       java.nio.DirectByteBufferR::slice (66 bytes)
Event: 0.415 Thread 0x000001f8b060f760 nmethod 543 0x000001f8956d4e90 code [0x000001f8956d5040, 0x000001f8956d52a8]
Event: 0.415 Thread 0x000001f8b060f760  541       3       jdk.internal.jimage.ImageReader::findLocation (14 bytes)
Event: 0.415 Thread 0x000001f8b060f760 nmethod 541 0x000001f8956d5390 code [0x000001f8956d5560, 0x000001f8956d58b8]
Event: 0.415 Thread 0x000001f8b060f760  542  s    3       jdk.internal.jimage.BasicImageReader::findLocation (115 bytes)
Event: 0.416 Thread 0x000001f8b060f760 nmethod 542 0x000001f8956d5a10 code [0x000001f8956d5d20, 0x000001f8956d6e58]
Event: 0.416 Thread 0x000001f8b060f760  538       3       jdk.internal.jimage.ImageStringsReader::get (9 bytes)
Event: 0.416 Thread 0x000001f8b060f760 nmethod 538 0x000001f8956d7410 code [0x000001f8956d75c0, 0x000001f8956d7788]
Event: 0.416 Thread 0x000001f8b060f760  539       3       jdk.internal.jimage.BasicImageReader::getString (49 bytes)
Event: 0.416 Thread 0x000001f8b060f760 nmethod 539 0x000001f8956d7890 code [0x000001f8956d7a60, 0x000001f8956d7d48]
Event: 0.417 Thread 0x000001f8b060f760  544       1       java.lang.NamedPackage::module (5 bytes)
Event: 0.417 Thread 0x000001f8b060f760 nmethod 544 0x000001f89cb67390 code [0x000001f89cb67520, 0x000001f89cb675d8]

GC Heap History (0 events):
No events

Deoptimization events (8 events):
Event: 0.140 Thread 0x000001f88ce43ac0 Uncommon trap: trap_request=0xffffff45 fr.pc=0x000001f89cb4d0b0 relative=0x00000000000006d0
Event: 0.141 Thread 0x000001f88ce43ac0 Uncommon trap: reason=unstable_if action=reinterpret pc=0x000001f89cb4d0b0 method=java.util.HashMap.putVal(ILjava/lang/Object;Ljava/lang/Object;ZZ)Ljava/lang/Object; @ 69 c2
Event: 0.141 Thread 0x000001f88ce43ac0 DEOPT PACKING pc=0x000001f89cb4d0b0 sp=0x00000098cddfe850
Event: 0.141 Thread 0x000001f88ce43ac0 DEOPT UNPACKING pc=0x000001f8950be42f sp=0x00000098cddfe7f0 mode 2
Event: 0.166 Thread 0x000001f88ce43ac0 Uncommon trap: trap_request=0xffffff45 fr.pc=0x000001f89cb4dc1c relative=0x000000000000007c
Event: 0.166 Thread 0x000001f88ce43ac0 Uncommon trap: reason=unstable_if action=reinterpret pc=0x000001f89cb4dc1c method=java.lang.String.isLatin1()Z @ 10 c2
Event: 0.166 Thread 0x000001f88ce43ac0 DEOPT PACKING pc=0x000001f89cb4dc1c sp=0x00000098cddfee20
Event: 0.166 Thread 0x000001f88ce43ac0 DEOPT UNPACKING pc=0x000001f8950be42f sp=0x00000098cddfed60 mode 2

Classes unloaded (0 events):
No events

Classes redefined (0 events):
No events

Internal exceptions (15 events):
Event: 0.170 Thread 0x000001f8b0819480 Exception <a 'java/lang/NoSuchMethodError'{0x0000000711a93288}: 'java.lang.Object java.lang.invoke.DirectMethodHandle$Holder.invokeStatic(java.lang.Object)'> (0x0000000711a93288) 
thrown [./open/src/hotspot/share/interpreter/linkResolver.cpp, line 782]
Event: 0.171 Thread 0x000001f8b0819480 Exception <a 'java/lang/NoSuchMethodError'{0x0000000711a96b98}: 'java.lang.Object java.lang.invoke.DirectMethodHandle$Holder.invokeStaticInit(java.lang.Object)'> (0x0000000711a96b98) 
thrown [./open/src/hotspot/share/interpreter/linkResolver.cpp, line 782]
Event: 0.177 Thread 0x000001f8b0819480 Exception <a 'java/lang/NoSuchMethodError'{0x0000000711aa3f58}: 'void java.lang.invoke.DirectMethodHandle$Holder.invokeStatic(java.lang.Object, java.lang.Object)'> (0x0000000711aa3f58) 
thrown [./open/src/hotspot/share/interpreter/linkResolver.cpp, line 782]
Event: 0.212 Thread 0x000001f88ce43ac0 Exception <a 'java/lang/NoSuchMethodError'{0x0000000711b97a78}: 'void java.lang.invoke.DirectMethodHandle$Holder.invokeSpecial(java.lang.Object, java.lang.Object, java.lang.Object)'> (0x0000000711b97a78) 
thrown [./open/src/hotspot/share/interpreter/linkResolver.cpp, line 782]
Event: 0.216 Thread 0x000001f88ce43ac0 Exception <a 'java/lang/NoSuchMethodError'{0x0000000711bac040}: 'java.lang.Object java.lang.invoke.DirectMethodHandle$Holder.invokeStatic(java.lang.Object, java.lang.Object, int)'> (0x0000000711bac040) 
thrown [./open/src/hotspot/share/interpreter/linkResolver.cpp, line 782]
Event: 0.217 Thread 0x000001f88ce43ac0 Exception <a 'java/lang/NoSuchMethodError'{0x0000000711bb8188}: 'void java.lang.invoke.DelegatingMethodHandle$Holder.delegate(java.lang.Object, java.lang.Object, int, java.lang.Object)'> (0x0000000711bb8188) 
thrown [./open/src/hotspot/share/interpreter/linkResolver.cpp, line 782]
Event: 0.218 Thread 0x000001f88ce43ac0 Exception <a 'java/lang/NoSuchMethodError'{0x0000000711bbc2d8}: 'int java.lang.invoke.DirectMethodHandle$Holder.invokeSpecial(java.lang.Object, java.lang.Object, java.lang.Object)'> (0x0000000711bbc2d8) 
thrown [./open/src/hotspot/share/interpreter/linkResolver.cpp, line 782]
Event: 0.268 Thread 0x000001f88ce43ac0 Exception <a 'sun/nio/fs/WindowsException'{0x000000071183a800}> (0x000000071183a800) 
thrown [./open/src/hotspot/share/prims/jni.cpp, line 578]
Event: 0.268 Thread 0x000001f88ce43ac0 Exception <a 'sun/nio/fs/WindowsException'{0x000000071183ad58}> (0x000000071183ad58) 
thrown [./open/src/hotspot/share/prims/jni.cpp, line 578]
Event: 0.313 Thread 0x000001f8b0a10c20 Exception <a 'sun/nio/fs/WindowsException'{0x00000007119b90d8}> (0x00000007119b90d8) 
thrown [./open/src/hotspot/share/prims/jni.cpp, line 578]
Event: 0.313 Thread 0x000001f8b0a10c20 Exception <a 'sun/nio/fs/WindowsException'{0x00000007119b9448}> (0x00000007119b9448) 
thrown [./open/src/hotspot/share/prims/jni.cpp, line 578]
Event: 0.400 Thread 0x000001f8b0a10c20 Exception <a 'sun/nio/fs/WindowsException'{0x000000071160f928}> (0x000000071160f928) 
thrown [./open/src/hotspot/share/prims/jni.cpp, line 578]
Event: 0.400 Thread 0x000001f8b0a10c20 Exception <a 'sun/nio/fs/WindowsException'{0x000000071160fb30}> (0x000000071160fb30) 
thrown [./open/src/hotspot/share/prims/jni.cpp, line 578]
Event: 0.412 Thread 0x000001f8b0a10c20 Exception <a 'sun/nio/fs/WindowsException'{0x0000000711647290}> (0x0000000711647290) 
thrown [./open/src/hotspot/share/prims/jni.cpp, line 578]
Event: 0.412 Thread 0x000001f8b0a10c20 Exception <a 'sun/nio/fs/WindowsException'{0x0000000711647618}> (0x0000000711647618) 
thrown [./open/src/hotspot/share/prims/jni.cpp, line 578]

Events (20 events):
Event: 0.291 loading class java/math/MutableBigInteger
Event: 0.292 loading class java/math/MutableBigInteger done
Event: 0.292 loading class java/nio/BufferOverflowException
Event: 0.292 loading class java/nio/BufferOverflowException done
Event: 0.292 loading class java/nio/InvalidMarkException
Event: 0.292 loading class java/nio/InvalidMarkException done
Event: 0.292 loading class java/nio/BufferUnderflowException
Event: 0.292 loading class java/nio/BufferUnderflowException done
Event: 0.305 Thread 0x000001f8b0a10c20 Thread added: 0x000001f8b0a10c20
Event: 0.305 Thread 0x000001f88ce43ac0 Thread exited: 0x000001f88ce43ac0
Event: 0.305 Thread 0x000001f88ce43ac0 Thread added: 0x000001f88ce43ac0
Event: 0.314 loading class java/lang/NoSuchFieldError
Event: 0.314 loading class java/lang/NoSuchFieldError done
Event: 0.401 loading class java/io/FileNotFoundException
Event: 0.401 loading class java/io/FileNotFoundException done
Event: 0.402 loading class java/nio/channels/spi/AbstractInterruptibleChannel$1
Event: 0.402 loading class sun/nio/ch/Interruptible
Event: 0.402 loading class sun/nio/ch/Interruptible done
Event: 0.402 loading class java/nio/channels/spi/AbstractInterruptibleChannel$1 done
Event: 0.414 Loaded shared library C:\Users\abina\AppData\Local\Temp\lwjglabina\3.2.3-build-13\lwjgl_stb.dll


Dynamic libraries:
0x00007ff75d930000 - 0x00007ff75d93d000 	C:\Users\abina\.jdks\openjdk-15.0.2\bin\java.exe
0x00007fffa1360000 - 0x00007fffa1550000 	C:\WINDOWS\SYSTEM32\ntdll.dll
0x00007fffa04e0000 - 0x00007fffa0592000 	C:\WINDOWS\System32\KERNEL32.DLL
0x00007fff9ee90000 - 0x00007fff9f135000 	C:\WINDOWS\System32\KERNELBASE.dll
0x00007fff9ece0000 - 0x00007fff9edda000 	C:\WINDOWS\System32\ucrtbase.dll
0x00007fff99b60000 - 0x00007fff99b78000 	C:\Users\abina\.jdks\openjdk-15.0.2\bin\jli.dll
0x00007fff9fa30000 - 0x00007fff9fbc4000 	C:\WINDOWS\System32\USER32.dll
0x00007fff9f350000 - 0x00007fff9f371000 	C:\WINDOWS\System32\win32u.dll
0x00007fff9fdd0000 - 0x00007fff9fdf6000 	C:\WINDOWS\System32\GDI32.dll
0x00007fff9e2e0000 - 0x00007fff9e478000 	C:\WINDOWS\System32\gdi32full.dll
0x00007fff9f2b0000 - 0x00007fff9f34e000 	C:\WINDOWS\System32\msvcp_win.dll
0x00007fff99930000 - 0x00007fff99949000 	C:\Users\abina\.jdks\openjdk-15.0.2\bin\VCRUNTIME140.dll
0x00007fff83fb0000 - 0x00007fff84234000 	C:\WINDOWS\WinSxS\amd64_microsoft.windows.common-controls_6595b64144ccf1df_6.0.18362.1316_none_9e7a364fe461dbd7\COMCTL32.dll
0x00007fff9fcf0000 - 0x00007fff9fd8e000 	C:\WINDOWS\System32\msvcrt.dll
0x00007fff9fe00000 - 0x00007fffa0137000 	C:\WINDOWS\System32\combase.dll
0x00007fff9fbd0000 - 0x00007fff9fcef000 	C:\WINDOWS\System32\RPCRT4.dll
0x00007fff9f380000 - 0x00007fff9f401000 	C:\WINDOWS\System32\bcryptPrimitives.dll
0x00007fffa1140000 - 0x00007fffa116e000 	C:\WINDOWS\System32\IMM32.DLL
0x00007fff9af60000 - 0x00007fff9af6c000 	C:\Users\abina\.jdks\openjdk-15.0.2\bin\vcruntime140_1.dll
0x00007fff89fc0000 - 0x00007fff8a051000 	C:\Users\abina\.jdks\openjdk-15.0.2\bin\msvcp140.dll
0x00007fff5b7a0000 - 0x00007fff5c2fe000 	C:\Users\abina\.jdks\openjdk-15.0.2\bin\server\jvm.dll
0x00007fffa0f70000 - 0x00007fffa1013000 	C:\WINDOWS\System32\ADVAPI32.dll
0x00007fffa02a0000 - 0x00007fffa0337000 	C:\WINDOWS\System32\sechost.dll
0x00007fff9fdb0000 - 0x00007fff9fdb8000 	C:\WINDOWS\System32\PSAPI.DLL
0x00007fff9a260000 - 0x00007fff9a269000 	C:\WINDOWS\SYSTEM32\WSOCK32.dll
0x00007fff9aea0000 - 0x00007fff9aec4000 	C:\WINDOWS\SYSTEM32\WINMM.dll
0x00007fffa1020000 - 0x00007fffa108f000 	C:\WINDOWS\System32\WS2_32.dll
0x00007fff96ac0000 - 0x00007fff96aca000 	C:\WINDOWS\SYSTEM32\VERSION.dll
0x00007fff9ae70000 - 0x00007fff9ae9d000 	C:\WINDOWS\SYSTEM32\WINMMBASE.dll
0x00007fff9e480000 - 0x00007fff9e4ca000 	C:\WINDOWS\System32\cfgmgr32.dll
0x00007fff9e220000 - 0x00007fff9e231000 	C:\WINDOWS\System32\kernel.appcore.dll
0x00007fff999b0000 - 0x00007fff999ba000 	C:\Users\abina\.jdks\openjdk-15.0.2\bin\jimage.dll
0x00007fff95520000 - 0x00007fff95714000 	C:\WINDOWS\SYSTEM32\DBGHELP.DLL
0x00007fff94020000 - 0x00007fff9404a000 	C:\WINDOWS\SYSTEM32\dbgcore.DLL
0x00007fff99990000 - 0x00007fff9999e000 	C:\Users\abina\.jdks\openjdk-15.0.2\bin\instrument.dll
0x00007fff98cc0000 - 0x00007fff98ce5000 	C:\Users\abina\.jdks\openjdk-15.0.2\bin\java.dll
0x00007fffa0740000 - 0x00007fffa0e28000 	C:\WINDOWS\System32\SHELL32.dll
0x00007fffa1090000 - 0x00007fffa1137000 	C:\WINDOWS\System32\shcore.dll
0x00007fff9e4d0000 - 0x00007fff9ec4b000 	C:\WINDOWS\System32\windows.storage.dll
0x00007fff9e240000 - 0x00007fff9e263000 	C:\WINDOWS\System32\profapi.dll
0x00007fff9e290000 - 0x00007fff9e2da000 	C:\WINDOWS\System32\powrprof.dll
0x00007fff9e210000 - 0x00007fff9e220000 	C:\WINDOWS\System32\UMPDC.dll
0x00007fffa12c0000 - 0x00007fffa1312000 	C:\WINDOWS\System32\shlwapi.dll
0x00007fff9f290000 - 0x00007fff9f2a7000 	C:\WINDOWS\System32\cryptsp.dll
0x00007fff978f0000 - 0x00007fff97908000 	C:\Users\abina\.jdks\openjdk-15.0.2\bin\zip.dll
0x00007fff98d00000 - 0x00007fff98d19000 	C:\Users\abina\.jdks\openjdk-15.0.2\bin\net.dll
0x00007fff8a840000 - 0x00007fff8a930000 	C:\WINDOWS\SYSTEM32\WINHTTP.dll
0x00007fff9da50000 - 0x00007fff9dab7000 	C:\WINDOWS\system32\mswsock.dll
0x00007fff97950000 - 0x00007fff97962000 	C:\Users\abina\.jdks\openjdk-15.0.2\bin\nio.dll
0x00007fff97820000 - 0x00007fff9783a000 	C:\Program Files\JetBrains\IntelliJ IDEA Community Edition 2020.3.2\bin\breakgen64.dll
0x00007fff88930000 - 0x00007fff88994000 	C:\Users\abina\AppData\Local\Temp\lwjglabina\3.2.3-build-13\lwjgl.dll
0x00007fff88600000 - 0x00007fff88662000 	C:\Users\abina\AppData\Local\Temp\lwjglabina\3.2.3-build-13\glfw.dll
0x00007fff9c4c0000 - 0x00007fff9c559000 	C:\WINDOWS\system32\uxtheme.dll
0x00007fff7cdc0000 - 0x00007fff7ce03000 	C:\WINDOWS\SYSTEM32\dinput8.dll
0x00007fff977f0000 - 0x00007fff97801000 	C:\WINDOWS\SYSTEM32\xinput1_4.dll
0x00007fff9dff0000 - 0x00007fff9e01a000 	C:\WINDOWS\SYSTEM32\DEVOBJ.dll
0x00007fff9c980000 - 0x00007fff9c9ad000 	C:\WINDOWS\SYSTEM32\dwmapi.dll
0x00007fff88d20000 - 0x00007fff88e3c000 	C:\WINDOWS\SYSTEM32\inputhost.dll
0x00007fff9c170000 - 0x00007fff9c244000 	C:\WINDOWS\SYSTEM32\CoreMessaging.dll
0x00007fff99150000 - 0x00007fff9947a000 	C:\WINDOWS\SYSTEM32\CoreUIComponents.dll
0x00007fff9abb0000 - 0x00007fff9aca0000 	C:\WINDOWS\SYSTEM32\PROPSYS.dll
0x00007fffa0ea0000 - 0x00007fffa0f65000 	C:\WINDOWS\System32\OLEAUT32.dll
0x00007fff9a0f0000 - 0x00007fff9a242000 	C:\WINDOWS\SYSTEM32\wintypes.dll
0x00007fff9d250000 - 0x00007fff9d281000 	C:\WINDOWS\SYSTEM32\ntmarta.dll
0x00007fffa0600000 - 0x00007fffa0735000 	C:\WINDOWS\System32\MSCTF.dll
0x00007fff9cdf0000 - 0x00007fff9cdfe000 	C:\WINDOWS\SYSTEM32\HID.DLL
0x00007fff9f5c0000 - 0x00007fff9fa30000 	C:\WINDOWS\System32\SETUPAPI.DLL
0x00007fff9ec50000 - 0x00007fff9ec76000 	C:\WINDOWS\System32\bcrypt.dll
0x00007fff9ec80000 - 0x00007fff9ecdc000 	C:\WINDOWS\System32\WINTRUST.dll
0x00007fff9e270000 - 0x00007fff9e282000 	C:\WINDOWS\System32\MSASN1.dll
0x00007fff9f140000 - 0x00007fff9f28a000 	C:\WINDOWS\System32\CRYPT32.dll
0x00007fff87930000 - 0x00007fff87a86000 	C:\WINDOWS\SYSTEM32\opengl32.dll
0x00007fff98510000 - 0x00007fff9853c000 	C:\WINDOWS\SYSTEM32\GLU32.dll
0x00007fff9ce50000 - 0x00007fff9ce70000 	C:\WINDOWS\SYSTEM32\dxcore.dll
0x00007fff5a8b0000 - 0x00007fff5b79e000 	C:\WINDOWS\System32\DriverStore\FileRepository\igdlh64.inf_amd64_ceddadac8a2b489e\ig9icd64.dll
0x00007fff9a290000 - 0x00007fff9a2a3000 	C:\WINDOWS\SYSTEM32\WTSAPI32.dll
0x00007fff9cee0000 - 0x00007fff9cfcb000 	C:\WINDOWS\SYSTEM32\dxgi.dll
0x00007fff92040000 - 0x00007fff93e20000 	C:\WINDOWS\System32\DriverStore\FileRepository\igdlh64.inf_amd64_ceddadac8a2b489e\igc64.dll
0x00007fff6f7c0000 - 0x00007fff6f837000 	C:\Users\abina\AppData\Local\Temp\lwjglabina\3.2.3-build-13\lwjgl_stb.dll
0x00007fff99e30000 - 0x00007fff99ede000 	C:\WINDOWS\SYSTEM32\mscms.dll
0x00007fff9e0f0000 - 0x00007fff9e115000 	C:\WINDOWS\SYSTEM32\USERENV.dll
0x00007fff99db0000 - 0x00007fff99dc7000 	C:\WINDOWS\SYSTEM32\ColorAdapterClient.dll
0x00007fff74ee0000 - 0x00007fff74f23000 	C:\WINDOWS\SYSTEM32\icm32.dll

dbghelp: loaded successfully - version: 4.0.5 - missing functions: none
symbol engine: initialized successfully - sym options: 0x614 - pdb path: .;C:\Users\abina\.jdks\openjdk-15.0.2\bin;C:\WINDOWS\SYSTEM32;C:\WINDOWS\WinSxS\amd64_microsoft.windows.common-controls_6595b64144ccf1df_6.0.18362.1316_none_9e7a364fe461dbd7;C:\Users\abina\.jdks\openjdk-15.0.2\bin\server;C:\Program Files\JetBrains\IntelliJ IDEA Community Edition 2020.3.2\bin;C:\Users\abina\AppData\Local\Temp\lwjglabina\3.2.3-build-13;C:\WINDOWS\System32\DriverStore\FileRepository\igdlh64.inf_amd64_ceddadac8a2b489e

VM Arguments:
jvm_args: -javaagent:C:\Program Files\JetBrains\IntelliJ IDEA Community Edition 2020.3.2\lib\idea_rt.jar=55993:C:\Program Files\JetBrains\IntelliJ IDEA Community Edition 2020.3.2\bin -Dfile.encoding=UTF-8 
java_command: Start
java_class_path (initial): D:\Workspace\Case New York\out\production\Case New York;D:\Workspace\Case New York\libs\commons-io-2.8.0.jar;D:\Workspace\Case New York\libs\lwjgl-assimp-natives-windows.jar;D:\Workspace\Case New York\libs\lwjgl-assimp.jar;D:\Workspace\Case New York\libs\lwjgl-glfw-natives-windows.jar;D:\Workspace\Case New York\libs\lwjgl-glfw.jar;D:\Workspace\Case New York\libs\lwjgl-natives-windows.jar;D:\Workspace\Case New York\libs\lwjgl-openal-natives-windows.jar;D:\Workspace\Case New York\libs\lwjgl-openal.jar;D:\Workspace\Case New York\libs\lwjgl-opengl-natives-windows.jar;D:\Workspace\Case New York\libs\lwjgl-opengl.jar;D:\Workspace\Case New York\libs\lwjgl-stb-natives-windows.jar;D:\Workspace\Case New York\libs\lwjgl-stb.jar;D:\Workspace\Case New York\libs\lwjgl.jar;D:\Workspace\Case New York\libs\joml-1.10.0.jar
Launcher Type: SUN_STANDARD

[Global flags]
     intx CICompilerCount                          = 3                                         {product} {ergonomic}
     uint ConcGCThreads                            = 1                                         {product} {ergonomic}
     uint G1ConcRefinementThreads                  = 4                                         {product} {ergonomic}
   size_t G1HeapRegionSize                         = 2097152                                   {product} {ergonomic}
    uintx GCDrainStackTargetSize                   = 64                                        {product} {ergonomic}
   size_t InitialHeapSize                          = 266338304                                 {product} {ergonomic}
   size_t MarkStackSize                            = 4194304                                   {product} {ergonomic}
   size_t MaxHeapSize                              = 4261412864                                {product} {ergonomic}
   size_t MaxNewSize                               = 2556428288                                {product} {ergonomic}
   size_t MinHeapDeltaBytes                        = 2097152                                   {product} {ergonomic}
   size_t MinHeapSize                              = 8388608                                   {product} {ergonomic}
    uintx NonNMethodCodeHeapSize                   = 5832780                                {pd product} {ergonomic}
    uintx NonProfiledCodeHeapSize                  = 122912730                              {pd product} {ergonomic}
    uintx ProfiledCodeHeapSize                     = 122912730                              {pd product} {ergonomic}
    uintx ReservedCodeCacheSize                    = 251658240                              {pd product} {ergonomic}
     bool SegmentedCodeCache                       = true                                      {product} {ergonomic}
   size_t SoftMaxHeapSize                          = 4261412864                             {manageable} {ergonomic}
     bool UseCompressedClassPointers               = true                                 {lp64_product} {ergonomic}
     bool UseCompressedOops                        = true                                 {lp64_product} {ergonomic}
     bool UseG1GC                                  = true                                      {product} {ergonomic}
     bool UseLargePagesIndividualAllocation        = false                                  {pd product} {ergonomic}

Logging:
Log output configuration:
 #0: stdout all=warning uptime,level,tags
 #1: stderr all=off uptime,level,tags

Environment Variables:
PATH=C:\Program Files (x86)\VMware\VMware Workstation\bin\;C:\Program Files (x86)\Common Files\Oracle\Java\javapath;C:\Program Files (x86)\Intel\iCLS Client\;C:\Program Files\Intel\iCLS Client\;C:\Windows\system32;C:\Windows;C:\Windows\System32\Wbem;C:\Windows\System32\WindowsPowerShell\v1.0\;C:\Program Files (x86)\NVIDIA Corporation\PhysX\Common;C:\Program Files (x86)\Intel\Intel(R) Management Engine Components\DAL;C:\Program Files\Intel\Intel(R) Management Engine Components\DAL;C:\Program Files (x86)\Intel\Intel(R) Management Engine Components\IPT;C:\Program Files\Intel\Intel(R) Management Engine Components\IPT;C:\WINDOWS\system32;C:\WINDOWS;C:\WINDOWS\System32\Wbem;C:\WINDOWS\System32\WindowsPowerShell\v1.0\;C:\WINDOWS\System32\OpenSSH\;C:\Program Files\Git\cmd;C:\Users\abina\AppData\Local\Microsoft\WindowsApps;
USERNAME=abina
OS=Windows_NT
PROCESSOR_IDENTIFIER=Intel64 Family 6 Model 142 Stepping 9, GenuineIntel



---------------  S Y S T E M  ---------------

OS:
 Windows 10 , 64 bit Build 18362 (10.0.18362.1316)
OS uptime: 7 days 20:14 hours

CPU: total 4 (initial active 4) (2 cores per cpu, 2 threads per core) family 6 model 142 stepping 9 microcode 0xb4, cmov, cx8, fxsr, mmx, sse, sse2, sse3, ssse3, sse4.1, sse4.2, popcnt, vzeroupper, avx, avx2, aes, clmul, erms, 3dnowpref, lzcnt, ht, tsc, tscinvbit, bmi1, bmi2, adx, fma, clflush, clflushopt

Memory: 4k page, system-wide physical 16252M (10586M free)
TotalPageFile size 19324M (AvailPageFile size 12371M)
current process WorkingSet (physical memory assigned to process): 82M, peak: 82M
current process commit charge ("private bytes"): 351M, peak: 351M

vm_info: OpenJDK 64-Bit Server VM (15.0.2+7-27) for windows-amd64 JRE (15.0.2+7-27), built on Dec  7 2020 20:02:38 by "mach5one" with unknown MS VC++:1925

END.
